#
# A fatal error has been detected by the Java Runtime Environment:
#
#  SIGSEGV (0xb) at pc=0x000000011f24a314, pid=7767, tid=2571
#
# JRE version: Java(TM) SE Runtime Environment (8.0_91-b14) (build 1.8.0_91-b14)
# Java VM: Java HotSpot(TM) 64-Bit Server VM (25.91-b14 mixed mode bsd-amd64 compressed oops)
# Problematic frame:
# C  [libglass.dylib+0x5314]  -[GlassApplication applicationWillHide:]+0xd4
#
# Failed to write core dump. Core dumps have been disabled. To enable core dumping, try "ulimit -c unlimited" before starting Java again
#
# If you would like to submit a bug report, please visit:
#   http://bugreport.java.com/bugreport/crash.jsp
#

---------------  T H R E A D  ---------------

Current thread is native thread

siginfo: si_signo: 11 (SIGSEGV), si_code: 1 (SEGV_MAPERR), si_addr: 0x0000000000000000

Registers:
RAX=0x00007fe978683830, RBX=0x0000000000000000, RCX=0x0000000000000008, RDX=0x00007fff73221a28
RSP=0x00007fff5ac4f830, RBP=0x00007fff5ac4fc60, RSI=0x00007fff839d39ea, RDI=0x00007fe979005070
R8 =0x00007fe97916a800, R9 =0x0000000000000011, R10=0x00007fe97870c200, R11=0x00007fff73213130
R12=0x00007fff8e3ce4c0, R13=0x000000011f28e550, R14=0x00007fe978671010, R15=0x00007fe978683830
RIP=0x000000011f24a314, EFLAGS=0x0000000000010206, ERR=0x0000000000000004
  TRAPNO=0x000000000000000e

Top of Stack: (sp=0x00007fff5ac4f830)
0x00007fff5ac4f830:   000000011f24a2b5 00007fff83613bbc
0x00007fff5ac4f840:   00007fff83613b4f 00007fff83613ac7
0x00007fff5ac4f850:   00007fff83613832 00007fff835d05e2
0x00007fff5ac4f860:   00007fff835cf835 00007fff8437917a
0x00007fff5ac4f870:   00007fff908267e4 00007fff9056848f
0x00007fff5ac4f880:   00007fff968247be 00007fff96823c48
0x00007fff5ac4f890:   00007fff968399e6 00007fff903d8000
0x00007fff5ac4f8a0:   00007fff903d7226 00007fff903cbd80
0x00007fff5ac4f8b0:   00000001221bb14d 0000000125a0e55b
0x00007fff5ac4f8c0:   00007fff843e8fde 00007fff8361d881
0x00007fff5ac4f8d0:   00007fff835fcfbc 00007fff835fc4df
0x00007fff5ac4f8e0:   00007fff835fbed8 0000000104fb2463
0x00007fff5ac4f8f0:   0000000104fae1ac 0000000104fb44c0
0x00007fff5ac4f900:   0000000104fada04 0000000000000006
0x00007fff5ac4f910:   0000000000000000 0000000000000000
0x00007fff5ac4f920:   0000000000000000 0000000000000000
0x00007fff5ac4f930:   0000000000000000 0000000000000000
0x00007fff5ac4f940:   0000000000000000 0000000000000000
0x00007fff5ac4f950:   0000000000000000 0000000000000000
0x00007fff5ac4f960:   0000000000000000 0000000000000000
0x00007fff5ac4f970:   0000000000000000 0000000000000000
0x00007fff5ac4f980:   0000000000000000 0000000000000000
0x00007fff5ac4f990:   0000000000000000 0000000000000000
0x00007fff5ac4f9a0:   0000000000000000 0000000000000000
0x00007fff5ac4f9b0:   0000000000000000 0000000000000000
0x00007fff5ac4f9c0:   0000000000000000 0000000000000000
0x00007fff5ac4f9d0:   0000000000000000 0000000000000000
0x00007fff5ac4f9e0:   0000000000000000 0000000000000000
0x00007fff5ac4f9f0:   0000000000000000 0000000000000000
0x00007fff5ac4fa00:   0000000000000000 0000000000000000
0x00007fff5ac4fa10:   0000000000000000 0000000000000000
0x00007fff5ac4fa20:   0000000000000000 0000000000000000 

Instructions: (pc=0x000000011f24a314)
0x000000011f24a2f4:   8b 35 d6 f2 03 00 4c 8b 25 7f 7e 03 00 41 ff d4
0x000000011f24a304:   48 8b 35 75 f2 03 00 48 89 c7 41 ff d4 49 89 c7
0x000000011f24a314:   48 8b 03 4c 8b a8 e8 01 00 00 48 8b 05 b3 0f 04
0x000000011f24a324:   00 4d 8b 34 06 48 8b 3d c8 04 04 00 48 8b 35 d1 

Register to memory mapping:

RAX=0x00007fe978683830 is an unknown value
RBX=0x0000000000000000 is an unknown value
RCX=0x0000000000000008 is an unknown value
RDX=0x00007fff73221a28: _NSAPCache+0x18 in /System/Library/Frameworks/Foundation.framework/Versions/C/Foundation at 0x00007fff84372000
RSP=0x00007fff5ac4f830 is an unknown value
RBP=0x00007fff5ac4fc60 is an unknown value
RSI=0x00007fff839d39ea: CreateStringFromFileSystemRepresentationByAddingPercentEscapes.hexchars+0x1445a in /System/Library/Frameworks/CoreFoundation.framework/Versions/A/CoreFoundation at 0x00007fff83573000
RDI=0x00007fe979005070 is an unknown value
R8 =0x00007fe97916a800 is an unknown value
R9 =0x0000000000000011 is an unknown value
R10=0x00007fe97870c200 is an unknown value
R11=0x00007fff73213130: OBJC_CLASS_$_NSAutoreleasePool+0 in /System/Library/Frameworks/Foundation.framework/Versions/C/Foundation at 0x00007fff84372000
R12=0x00007fff8e3ce4c0: objc_msgSend+0 in /usr/lib/libobjc.A.dylib at 0x00007fff8e3cd000
R13=0x000000011f28e550: jEnv+0 in /Library/Java/JavaVirtualMachines/jdk1.8.0_91.jdk/Contents/Home/jre/lib/libglass.dylib at 0x000000011f245000
R14=0x00007fe978671010 is an unknown value
R15=0x00007fe978683830 is an unknown value


Stack: [0x00007fff5a454000,0x00007fff5ac54000],  sp=0x00007fff5ac4f830,  free space=8174k
Native frames: (J=compiled Java code, j=interpreted, Vv=VM code, C=native code)
C  [libglass.dylib+0x5314]  -[GlassApplication applicationWillHide:]+0xd4
C  [CoreFoundation+0xa0bbc]  __CFNOTIFICATIONCENTER_IS_CALLING_OUT_TO_AN_OBSERVER__+0xc
C  [CoreFoundation+0xa0b4f]  ___CFXRegistrationPost_block_invoke+0x3f
C  [CoreFoundation+0xa0ac7]  _CFXRegistrationPost+0x197
C  [CoreFoundation+0xa0832]  ___CFXNotificationPost_block_invoke+0x32
C  [CoreFoundation+0x5d5e2]  -[_CFXNotificationRegistrar find:object:observer:enumerator:]+0x782
C  [CoreFoundation+0x5c835]  _CFXNotificationPost+0x2b5
C  [Foundation+0x717a]  -[NSNotificationCenter postNotificationName:object:userInfo:]+0x42
C  [AppKit+0x4977e4]  -[NSApplication _doHideMaybeFakingIt:]+0x186
C  [AppKit+0x1d948f]  _hideShowHandler+0xac
C  [HIToolbox+0x87be]  DispatchEventToHandlers(EventTargetRec*, OpaqueEventRef*, HandlerCallRec*)+0x4cf
C  [HIToolbox+0x7c48]  SendEventToEventTargetInternal(OpaqueEventRef*, OpaqueEventTargetRef*, HandlerCallRec*)+0x194
C  [HIToolbox+0x1d9e6]  SendEventToEventTarget+0x28
C  [AppKit+0x49000]  _DPSNextEvent+0x635
C  [AppKit+0x48226]  -[NSApplication _nextEventMatchingEventMask:untilDate:inMode:dequeue:]+0x1c6
C  [AppKit+0x3cd80]  -[NSApplication run]+0x2aa
C  [libosxapp.dylib+0x214d]  +[NSApplicationAWT runAWTLoopWithApp:]+0x9c
C  [libawt_lwawt.dylib+0x4455b]  -[AWTStarter starter:]+0x389
C  [Foundation+0x76fde]  __NSThreadPerformPerform+0x117
C  [CoreFoundation+0xaa881]  __CFRUNLOOP_IS_CALLING_OUT_TO_A_SOURCE0_PERFORM_FUNCTION__+0x11
C  [CoreFoundation+0x89fbc]  __CFRunLoopDoSources0+0x22c
C  [CoreFoundation+0x894df]  __CFRunLoopRun+0x39f
C  [CoreFoundation+0x88ed8]  CFRunLoopRunSpecific+0x128
C  [java+0x6463]  CreateExecutionEnvironment+0x367
C  [java+0x21ac]  JLI_Launch+0x7a0
C  [java+0x84c0]  main+0x65
C  [java+0x1a04]  start+0x34


---------------  P R O C E S S  ---------------

VM state:not at safepoint (normal execution)

VM Mutex/Monitor currently owned by a thread: None

Heap:
 PSYoungGen      total 38400K, used 13645K [0x0000000795580000, 0x0000000798000000, 0x00000007c0000000)
  eden space 33280K, 27% used [0x0000000795580000,0x0000000795e974f8,0x0000000797600000)
  from space 5120K, 84% used [0x0000000797600000,0x0000000797a3c030,0x0000000797b00000)
  to   space 5120K, 0% used [0x0000000797b00000,0x0000000797b00000,0x0000000798000000)
 ParOldGen       total 87552K, used 80K [0x0000000740000000, 0x0000000745580000, 0x0000000795580000)
  object space 87552K, 0% used [0x0000000740000000,0x0000000740014010,0x0000000745580000)
 Metaspace       used 16703K, capacity 17602K, committed 17792K, reserved 1064960K
  class space    used 2427K, capacity 2633K, committed 2688K, reserved 1048576K

Card table byte_map: [0x0000000116754000,0x0000000116b55000] byte_map_base: 0x0000000112d54000

Marking Bits: (ParMarkBitMap*) 0x0000000106ce6eb0
 Begin Bits: [0x0000000116e00000, 0x0000000118e00000)
 End Bits:   [0x0000000118e00000, 0x000000011ae00000)

Polling page: 0x0000000105b2d000

CodeCache: size=245760Kb used=4760Kb max_used=4763Kb free=240999Kb
 bounds [0x0000000107394000, 0x0000000107844000, 0x0000000116394000]
 total_blobs=2127 nmethods=1476 adapters=564
 compilation: enabled

Compilation events (10 events):
Event: 2.548 Thread 0x00007fe979073800 1472       4       jdk.internal.org.objectweb.asm.Item::isEqualTo (354 bytes)
Event: 2.548 Thread 0x00007fe979084800 1473       3       java.util.WeakHashMap::entrySet (28 bytes)
Event: 2.549 Thread 0x00007fe979084800 nmethod 1473 0x0000000107838f90 code [0x0000000107839120, 0x0000000107839530]
Event: 2.549 Thread 0x00007fe979084800 1474       3       java.util.WeakHashMap$EntrySet::iterator (13 bytes)
Event: 2.549 Thread 0x00007fe979084800 nmethod 1474 0x0000000107839750 code [0x00000001078398e0, 0x0000000107839bc8]
Event: 2.554 Thread 0x00007fe979073800 nmethod 1472 0x000000010783b650 code [0x000000010783b940, 0x000000010783c458]
Event: 2.559 Thread 0x00007fe979084800 1475       3       jdk.internal.org.objectweb.asm.AnnotationWriter::put (109 bytes)
Event: 2.560 Thread 0x00007fe979084800 nmethod 1475 0x000000010783ad10 code [0x000000010783aec0, 0x000000010783b398]
Event: 2.567 Thread 0x00007fe979084800 1476       3       java.lang.ThreadLocal::get (38 bytes)
Event: 2.567 Thread 0x00007fe979084800 nmethod 1476 0x000000010783a5d0 code [0x000000010783a760, 0x000000010783ab18]

GC Heap History (2 events):
Event: 1.284 GC heap before
{Heap before GC invocations=1 (full 0):
 PSYoungGen      total 38400K, used 33280K [0x0000000795580000, 0x0000000798000000, 0x00000007c0000000)
  eden space 33280K, 100% used [0x0000000795580000,0x0000000797600000,0x0000000797600000)
  from space 5120K, 0% used [0x0000000797b00000,0x0000000797b00000,0x0000000798000000)
  to   space 5120K, 0% used [0x0000000797600000,0x0000000797600000,0x0000000797b00000)
 ParOldGen       total 87552K, used 0K [0x0000000740000000, 0x0000000745580000, 0x0000000795580000)
  object space 87552K, 0% used [0x0000000740000000,0x0000000740000000,0x0000000745580000)
 Metaspace       used 14043K, capacity 14558K, committed 14720K, reserved 1062912K
  class space    used 1963K, capacity 2117K, committed 2176K, reserved 1048576K
Event: 1.293 GC heap after
Heap after GC invocations=1 (full 0):
 PSYoungGen      total 38400K, used 4336K [0x0000000795580000, 0x0000000798000000, 0x00000007c0000000)
  eden space 33280K, 0% used [0x0000000795580000,0x0000000795580000,0x0000000797600000)
  from space 5120K, 84% used [0x0000000797600000,0x0000000797a3c030,0x0000000797b00000)
  to   space 5120K, 0% used [0x0000000797b00000,0x0000000797b00000,0x0000000798000000)
 ParOldGen       total 87552K, used 80K [0x0000000740000000, 0x0000000745580000, 0x0000000795580000)
  object space 87552K, 0% used [0x0000000740000000,0x0000000740014010,0x0000000745580000)
 Metaspace       used 14043K, capacity 14558K, committed 14720K, reserved 1062912K
  class space    used 1963K, capacity 2117K, committed 2176K, reserved 1048576K
}

Deoptimization events (10 events):
Event: 1.030 Thread 0x00007fe97996e800 Uncommon trap: reason=class_check action=maybe_recompile pc=0x00000001075f5684 method=java.io.DataInputStream.readShort()S @ 4
Event: 1.033 Thread 0x00007fe97996e800 Uncommon trap: reason=class_check action=maybe_recompile pc=0x00000001074b551c method=java.lang.String.equals(Ljava/lang/Object;)Z @ 8
Event: 1.033 Thread 0x00007fe97996e800 Uncommon trap: reason=class_check action=maybe_recompile pc=0x00000001074b551c method=java.lang.String.equals(Ljava/lang/Object;)Z @ 8
Event: 1.033 Thread 0x00007fe97996e800 Uncommon trap: reason=class_check action=maybe_recompile pc=0x00000001074b551c method=java.lang.String.equals(Ljava/lang/Object;)Z @ 8
Event: 1.262 Thread 0x00007fe97996e800 Uncommon trap: reason=unstable_if action=reinterpret pc=0x00000001075c1d20 method=java.lang.CharacterData.of(I)Ljava/lang/CharacterData; @ 4
Event: 1.306 Thread 0x00007fe97996e800 Uncommon trap: reason=class_check action=maybe_recompile pc=0x00000001074b551c method=java.lang.String.equals(Ljava/lang/Object;)Z @ 8
Event: 1.338 Thread 0x00007fe97996e800 Uncommon trap: reason=unstable_if action=reinterpret pc=0x0000000107750270 method=java.util.HashMap.isEmpty()Z @ 4
Event: 1.577 Thread 0x00007fe97996e800 Uncommon trap: reason=unstable_if action=reinterpret pc=0x00000001076a4c74 method=jdk.internal.org.objectweb.asm.Type.getArgumentsAndReturnSizes(Ljava/lang/String;)I @ 47
Event: 1.652 Thread 0x00007fe979142000 Uncommon trap: reason=unstable_if action=reinterpret pc=0x000000010769d788 method=sun.net.www.ParseUtil.encodePath(Ljava/lang/String;Z)Ljava/lang/String; @ 109
Event: 1.672 Thread 0x00007fe97996e800 Uncommon trap: reason=unstable_if action=reinterpret pc=0x00000001077eaf84 method=com.sun.javafx.css.SimpleSelector.stateMatches(Ljavafx/css/Styleable;Ljava/util/Set;)Z @ 1

Internal exceptions (10 events):
Event: 0.183 Thread 0x00007fe97880b800 Exception <a 'java/security/PrivilegedActionException'> (0x0000000795898a68) thrown at [/Users/java_re/workspace/8-2-build-macosx-x86_64/jdk8u91/6644/hotspot/src/share/vm/prims/jvm.cpp, line 1386]
Event: 0.183 Thread 0x00007fe97880b800 Exception <a 'java/lang/NullPointerException'> (0x000000079589a3e0) thrown at [/Users/java_re/workspace/8-2-build-macosx-x86_64/jdk8u91/6644/hotspot/src/share/vm/interpreter/linkResolver.cpp, line 1178]
Event: 0.551 Thread 0x00007fe97996e800 Exception <a 'java/lang/NullPointerException'> (0x00000007963348b8) thrown at [/Users/java_re/workspace/8-2-build-macosx-x86_64/jdk8u91/6644/hotspot/src/share/vm/interpreter/linkResolver.cpp, line 1178]
Event: 0.551 Thread 0x00007fe97996e800 Exception <a 'java/lang/NullPointerException'> (0x00000007963348b8) thrown at [/Users/java_re/workspace/8-2-build-macosx-x86_64/jdk8u91/6644/hotspot/src/share/vm/prims/jvm.cpp, line 1390]
Event: 0.674 Thread 0x00007fe97996e800 Exception <a 'java/lang/ArrayIndexOutOfBoundsException'> (0x00000007967c7340) thrown at [/Users/java_re/workspace/8-2-build-macosx-x86_64/jdk8u91/6644/hotspot/src/share/vm/runtime/sharedRuntime.cpp, line 605]
Event: 0.674 Thread 0x00007fe97996e800 Exception <a 'java/lang/ArrayIndexOutOfBoundsException'> (0x00000007967c7e58) thrown at [/Users/java_re/workspace/8-2-build-macosx-x86_64/jdk8u91/6644/hotspot/src/share/vm/runtime/sharedRuntime.cpp, line 605]
Event: 0.675 Thread 0x00007fe97996e800 Exception <a 'java/lang/ArrayIndexOutOfBoundsException'> (0x00000007967c9200) thrown at [/Users/java_re/workspace/8-2-build-macosx-x86_64/jdk8u91/6644/hotspot/src/share/vm/runtime/sharedRuntime.cpp, line 605]
Event: 0.758 Thread 0x00007fe97996e800 Exception <a 'java/lang/ArrayIndexOutOfBoundsException': 58> (0x0000000796b2ab88) thrown at [/Users/java_re/workspace/8-2-build-macosx-x86_64/jdk8u91/6644/hotspot/src/share/vm/interpreter/interpreterRuntime.cpp, line 366]
Event: 0.905 Thread 0x00007fe97996e800 Implicit null exception at 0x0000000107611bf5 to 0x0000000107611df1
Event: 1.672 Thread 0x00007fe97996e800 Implicit null exception at 0x00000001077ea8f2 to 0x00000001077eaf59

Events (10 events):
Event: 2.566 loading class java/lang/ProcessEnvironment$Variable
Event: 2.566 loading class java/lang/ProcessEnvironment$ExternalData
Event: 2.566 loading class java/lang/ProcessEnvironment$ExternalData done
Event: 2.566 loading class java/lang/ProcessEnvironment$Variable done
Event: 2.566 loading class java/lang/ProcessEnvironment$Value
Event: 2.566 loading class java/lang/ProcessEnvironment$Value done
Event: 2.567 loading class java/lang/ProcessEnvironment$StringEnvironment
Event: 2.567 loading class java/lang/ProcessEnvironment$StringEnvironment done
Event: 2.567 loading class java/util/Collections$UnmodifiableMap
Event: 2.567 loading class java/util/Collections$UnmodifiableMap done


Dynamic libraries:
0x0000000002c65000 	/System/Library/Frameworks/Cocoa.framework/Versions/A/Cocoa
0x0000000104fcd000 	/System/Library/Frameworks/Security.framework/Versions/A/Security
0x0000000002c65000 	/System/Library/Frameworks/ApplicationServices.framework/Versions/A/ApplicationServices
0x0000000002c65000 	/usr/lib/libz.1.dylib
0x0000000002c65000 	/usr/lib/libSystem.B.dylib
0x0000000002c65000 	/usr/lib/libobjc.A.dylib
0x0000000002c65000 	/System/Library/Frameworks/CoreFoundation.framework/Versions/A/CoreFoundation
0x0000000002c65000 	/System/Library/Frameworks/Foundation.framework/Versions/C/Foundation
0x0000000002c65000 	/System/Library/Frameworks/AppKit.framework/Versions/C/AppKit
0x0000000002c65000 	/System/Library/Frameworks/CoreData.framework/Versions/A/CoreData
0x0000000002c65000 	/System/Library/PrivateFrameworks/RemoteViewServices.framework/Versions/A/RemoteViewServices
0x0000000002c65000 	/System/Library/PrivateFrameworks/UIFoundation.framework/Versions/A/UIFoundation
0x0000000002c65000 	/usr/lib/libScreenReader.dylib
0x0000000002c65000 	/System/Library/Frameworks/Accelerate.framework/Versions/A/Accelerate
0x0000000002c65000 	/System/Library/Frameworks/IOSurface.framework/Versions/A/IOSurface
0x0000000002c65000 	/System/Library/Frameworks/AudioToolbox.framework/Versions/A/AudioToolbox
0x0000000002c65000 	/System/Library/Frameworks/AudioUnit.framework/Versions/A/AudioUnit
0x0000000002c65000 	/System/Library/PrivateFrameworks/DataDetectorsCore.framework/Versions/A/DataDetectorsCore
0x0000000002c65000 	/System/Library/PrivateFrameworks/DesktopServicesPriv.framework/Versions/A/DesktopServicesPriv
0x0000000002c65000 	/System/Library/Frameworks/Carbon.framework/Versions/A/Frameworks/HIToolbox.framework/Versions/A/HIToolbox
0x0000000002c65000 	/System/Library/Frameworks/QuartzCore.framework/Versions/A/QuartzCore
0x0000000002c65000 	/System/Library/Frameworks/Carbon.framework/Versions/A/Frameworks/SpeechRecognition.framework/Versions/A/SpeechRecognition
0x0000000002c65000 	/usr/lib/libauto.dylib
0x0000000002c65000 	/usr/lib/libicucore.A.dylib
0x0000000002c65000 	/usr/lib/libxml2.2.dylib
0x0000000002c65000 	/System/Library/PrivateFrameworks/CoreUI.framework/Versions/A/CoreUI
0x0000000002c65000 	/System/Library/Frameworks/CoreAudio.framework/Versions/A/CoreAudio
0x0000000002c65000 	/System/Library/Frameworks/DiskArbitration.framework/Versions/A/DiskArbitration
0x0000000002c65000 	/usr/lib/liblangid.dylib
0x0000000002c65000 	/System/Library/PrivateFrameworks/MultitouchSupport.framework/Versions/A/MultitouchSupport
0x0000000002c65000 	/System/Library/Frameworks/IOKit.framework/Versions/A/IOKit
0x0000000002c65000 	/usr/lib/libDiagnosticMessagesClient.dylib
0x0000000002c65000 	/System/Library/Frameworks/CoreServices.framework/Versions/A/CoreServices
0x0000000002c65000 	/System/Library/PrivateFrameworks/PerformanceAnalysis.framework/Versions/A/PerformanceAnalysis
0x0000000002c65000 	/System/Library/PrivateFrameworks/GenerationalStorage.framework/Versions/A/GenerationalStorage
0x0000000002c65000 	/System/Library/Frameworks/OpenGL.framework/Versions/A/OpenGL
0x0000000002c65000 	/System/Library/PrivateFrameworks/Sharing.framework/Versions/A/Sharing
0x0000000002c65000 	/System/Library/Frameworks/CoreGraphics.framework/Versions/A/CoreGraphics
0x0000000002c65000 	/System/Library/Frameworks/CoreImage.framework/Versions/A/CoreImage
0x0000000002c65000 	/System/Library/Frameworks/CoreText.framework/Versions/A/CoreText
0x0000000002c65000 	/System/Library/Frameworks/ImageIO.framework/Versions/A/ImageIO
0x0000000002c65000 	/System/Library/PrivateFrameworks/Backup.framework/Versions/A/Backup
0x0000000002c65000 	/usr/lib/libextension.dylib
0x0000000002c65000 	/usr/lib/libarchive.2.dylib
0x00000001053eb000 	/System/Library/Frameworks/CFNetwork.framework/Versions/A/CFNetwork
0x0000000002c65000 	/System/Library/Frameworks/SystemConfiguration.framework/Versions/A/SystemConfiguration
0x0000000002c65000 	/usr/lib/libCRFSuite.dylib
0x0000000002c65000 	/usr/lib/libc++.1.dylib
0x0000000002c65000 	/usr/lib/libc++abi.dylib
0x0000000002c65000 	/usr/lib/system/libcache.dylib
0x0000000002c65000 	/usr/lib/system/libcommonCrypto.dylib
0x0000000002c65000 	/usr/lib/system/libcompiler_rt.dylib
0x0000000002c65000 	/usr/lib/system/libcopyfile.dylib
0x0000000002c65000 	/usr/lib/system/libcorecrypto.dylib
0x0000000002c65000 	/usr/lib/system/libdispatch.dylib
0x0000000002c65000 	/usr/lib/system/libdyld.dylib
0x0000000002c65000 	/usr/lib/system/libkeymgr.dylib
0x0000000002c65000 	/usr/lib/system/liblaunch.dylib
0x0000000002c65000 	/usr/lib/system/libmacho.dylib
0x0000000002c65000 	/usr/lib/system/libquarantine.dylib
0x0000000002c65000 	/usr/lib/system/libremovefile.dylib
0x0000000002c65000 	/usr/lib/system/libsystem_asl.dylib
0x0000000002c65000 	/usr/lib/system/libsystem_blocks.dylib
0x0000000002c65000 	/usr/lib/system/libsystem_c.dylib
0x0000000002c65000 	/usr/lib/system/libsystem_configuration.dylib
0x0000000002c65000 	/usr/lib/system/libsystem_coreservices.dylib
0x0000000002c65000 	/usr/lib/system/libsystem_coretls.dylib
0x0000000002c65000 	/usr/lib/system/libsystem_dnssd.dylib
0x0000000002c65000 	/usr/lib/system/libsystem_info.dylib
0x0000000002c65000 	/usr/lib/system/libsystem_kernel.dylib
0x0000000002c65000 	/usr/lib/system/libsystem_m.dylib
0x0000000002c65000 	/usr/lib/system/libsystem_malloc.dylib
0x0000000002c65000 	/usr/lib/system/libsystem_network.dylib
0x0000000002c65000 	/usr/lib/system/libsystem_networkextension.dylib
0x0000000002c65000 	/usr/lib/system/libsystem_notify.dylib
0x0000000002c65000 	/usr/lib/system/libsystem_platform.dylib
0x0000000002c65000 	/usr/lib/system/libsystem_pthread.dylib
0x0000000002c65000 	/usr/lib/system/libsystem_sandbox.dylib
0x0000000002c65000 	/usr/lib/system/libsystem_secinit.dylib
0x0000000002c65000 	/usr/lib/system/libsystem_trace.dylib
0x0000000002c65000 	/usr/lib/system/libunc.dylib
0x0000000002c65000 	/usr/lib/system/libunwind.dylib
0x0000000002c65000 	/usr/lib/system/libxpc.dylib
0x0000000002c65000 	/usr/lib/libenergytrace.dylib
0x0000000002c65000 	/usr/lib/libbsm.0.dylib
0x0000000002c65000 	/usr/lib/system/libkxld.dylib
0x0000000002c65000 	/usr/lib/libxar.1.dylib
0x0000000002c65000 	/usr/lib/libsqlite3.dylib
0x0000000002c65000 	/usr/lib/libpam.2.dylib
0x0000000002c65000 	/usr/lib/libOpenScriptingUtil.dylib
0x0000000002c65000 	/usr/lib/libbz2.1.0.dylib
0x0000000002c65000 	/usr/lib/liblzma.5.dylib
0x0000000002c65000 	/System/Library/Frameworks/CoreServices.framework/Versions/A/Frameworks/FSEvents.framework/Versions/A/FSEvents
0x0000000002c65000 	/System/Library/Frameworks/CoreServices.framework/Versions/A/Frameworks/CarbonCore.framework/Versions/A/CarbonCore
0x0000000002c65000 	/System/Library/Frameworks/CoreServices.framework/Versions/A/Frameworks/Metadata.framework/Versions/A/Metadata
0x0000000002c65000 	/System/Library/Frameworks/CoreServices.framework/Versions/A/Frameworks/OSServices.framework/Versions/A/OSServices
0x0000000002c65000 	/System/Library/Frameworks/CoreServices.framework/Versions/A/Frameworks/SearchKit.framework/Versions/A/SearchKit
0x0000000002c65000 	/System/Library/Frameworks/CoreServices.framework/Versions/A/Frameworks/AE.framework/Versions/A/AE
0x0000000002c65000 	/System/Library/Frameworks/CoreServices.framework/Versions/A/Frameworks/LaunchServices.framework/Versions/A/LaunchServices
0x0000000002c65000 	/System/Library/Frameworks/CoreServices.framework/Versions/A/Frameworks/DictionaryServices.framework/Versions/A/DictionaryServices
0x0000000002c65000 	/System/Library/Frameworks/CoreServices.framework/Versions/A/Frameworks/SharedFileList.framework/Versions/A/SharedFileList
0x0000000002c65000 	/System/Library/Frameworks/NetFS.framework/Versions/A/NetFS
0x0000000002c65000 	/System/Library/PrivateFrameworks/NetAuth.framework/Versions/A/NetAuth
0x0000000002c65000 	/System/Library/PrivateFrameworks/login.framework/Versions/A/Frameworks/loginsupport.framework/Versions/A/loginsupport
0x0000000002c65000 	/System/Library/PrivateFrameworks/TCC.framework/Versions/A/TCC
0x0000000002c65000 	/usr/lib/libmecabra.dylib
0x0000000002c65000 	/System/Library/Frameworks/ApplicationServices.framework/Versions/A/Frameworks/ATS.framework/Versions/A/ATS
0x0000000002c65000 	/System/Library/Frameworks/ApplicationServices.framework/Versions/A/Frameworks/ColorSync.framework/Versions/A/ColorSync
0x0000000002c65000 	/System/Library/Frameworks/ApplicationServices.framework/Versions/A/Frameworks/HIServices.framework/Versions/A/HIServices
0x0000000002c65000 	/System/Library/Frameworks/ApplicationServices.framework/Versions/A/Frameworks/LangAnalysis.framework/Versions/A/LangAnalysis
0x0000000002c65000 	/System/Library/Frameworks/ApplicationServices.framework/Versions/A/Frameworks/PrintCore.framework/Versions/A/PrintCore
0x0000000002c65000 	/System/Library/Frameworks/ApplicationServices.framework/Versions/A/Frameworks/QD.framework/Versions/A/QD
0x0000000002c65000 	/System/Library/Frameworks/ApplicationServices.framework/Versions/A/Frameworks/SpeechSynthesis.framework/Versions/A/SpeechSynthesis
0x0000000002c65000 	/System/Library/Frameworks/Metal.framework/Versions/A/Metal
0x0000000002c65000 	/System/Library/Frameworks/Accelerate.framework/Versions/A/Frameworks/vImage.framework/Versions/A/vImage
0x0000000002c65000 	/System/Library/Frameworks/Accelerate.framework/Versions/A/Frameworks/vecLib.framework/Versions/A/vecLib
0x0000000002c65000 	/System/Library/Frameworks/Accelerate.framework/Versions/A/Frameworks/vecLib.framework/Versions/A/libvDSP.dylib
0x0000000002c65000 	/System/Library/Frameworks/Accelerate.framework/Versions/A/Frameworks/vecLib.framework/Versions/A/libvMisc.dylib
0x0000000002c65000 	/System/Library/Frameworks/Accelerate.framework/Versions/A/Frameworks/vecLib.framework/Versions/A/libLAPACK.dylib
0x0000000002c65000 	/System/Library/Frameworks/Accelerate.framework/Versions/A/Frameworks/vecLib.framework/Versions/A/libBLAS.dylib
0x0000000002c65000 	/System/Library/Frameworks/Accelerate.framework/Versions/A/Frameworks/vecLib.framework/Versions/A/libLinearAlgebra.dylib
0x0000000002c65000 	/System/Library/Frameworks/Accelerate.framework/Versions/A/Frameworks/vecLib.framework/Versions/A/libSparseBLAS.dylib
0x0000000002c65000 	/System/Library/PrivateFrameworks/GPUCompiler.framework/libmetal_timestamp.dylib
0x0000000002c65000 	/System/Library/Frameworks/OpenGL.framework/Versions/A/Libraries/libCoreFSCache.dylib
0x0000000002c65000 	/System/Library/PrivateFrameworks/IOAccelerator.framework/Versions/A/IOAccelerator
0x0000000002c65000 	/System/Library/Frameworks/ApplicationServices.framework/Versions/A/Frameworks/ATS.framework/Versions/A/Resources/libFontParser.dylib
0x0000000002c65000 	/System/Library/Frameworks/ApplicationServices.framework/Versions/A/Frameworks/ATS.framework/Versions/A/Resources/libFontRegistry.dylib
0x0000000002c65000 	/System/Library/PrivateFrameworks/AppleVPA.framework/Versions/A/AppleVPA
0x0000000002c65000 	/System/Library/PrivateFrameworks/AppleJPEG.framework/Versions/A/AppleJPEG
0x0000000002c65000 	/System/Library/Frameworks/ImageIO.framework/Versions/A/Resources/libJPEG.dylib
0x0000000002c65000 	/System/Library/Frameworks/ImageIO.framework/Versions/A/Resources/libTIFF.dylib
0x0000000002c65000 	/System/Library/Frameworks/ImageIO.framework/Versions/A/Resources/libPng.dylib
0x0000000002c65000 	/System/Library/Frameworks/ImageIO.framework/Versions/A/Resources/libGIF.dylib
0x0000000002c65000 	/System/Library/Frameworks/ImageIO.framework/Versions/A/Resources/libJP2.dylib
0x0000000002c65000 	/System/Library/Frameworks/ImageIO.framework/Versions/A/Resources/libRadiance.dylib
0x0000000002c65000 	/System/Library/Frameworks/CoreVideo.framework/Versions/A/CoreVideo
0x0000000002c65000 	/System/Library/Frameworks/OpenGL.framework/Versions/A/Libraries/libGLU.dylib
0x0000000002c65000 	/System/Library/Frameworks/OpenGL.framework/Versions/A/Libraries/libGFXShared.dylib
0x0000000002c65000 	/System/Library/Frameworks/OpenGL.framework/Versions/A/Libraries/libGL.dylib
0x0000000002c65000 	/System/Library/Frameworks/OpenGL.framework/Versions/A/Libraries/libGLImage.dylib
0x0000000002c65000 	/System/Library/Frameworks/OpenGL.framework/Versions/A/Libraries/libCVMSPluginSupport.dylib
0x0000000002c65000 	/System/Library/Frameworks/OpenGL.framework/Versions/A/Libraries/libCoreVMClient.dylib
0x0000000002c65000 	/usr/lib/libcompression.dylib
0x0000000002c65000 	/usr/lib/libcups.2.dylib
0x0000000002c65000 	/System/Library/Frameworks/Kerberos.framework/Versions/A/Kerberos
0x0000000002c65000 	/System/Library/Frameworks/GSS.framework/Versions/A/GSS
0x0000000002c65000 	/usr/lib/libresolv.9.dylib
0x0000000002c65000 	/usr/lib/libiconv.2.dylib
0x0000000002c65000 	/System/Library/PrivateFrameworks/Heimdal.framework/Versions/A/Heimdal
0x0000000002c65000 	/usr/lib/libheimdal-asn1.dylib
0x0000000002c65000 	/System/Library/Frameworks/OpenDirectory.framework/Versions/A/OpenDirectory
0x0000000002c65000 	/System/Library/PrivateFrameworks/CommonAuth.framework/Versions/A/CommonAuth
0x0000000002c65000 	/System/Library/Frameworks/OpenDirectory.framework/Versions/A/Frameworks/CFOpenDirectory.framework/Versions/A/CFOpenDirectory
0x0000000002c65000 	/System/Library/Frameworks/SecurityFoundation.framework/Versions/A/SecurityFoundation
0x0000000002c65000 	/System/Library/PrivateFrameworks/LanguageModeling.framework/Versions/A/LanguageModeling
0x0000000002c65000 	/usr/lib/libmarisa.dylib
0x0000000002c65000 	/usr/lib/libChineseTokenizer.dylib
0x0000000002c65000 	/usr/lib/libcmph.dylib
0x0000000002c65000 	/System/Library/Frameworks/ServiceManagement.framework/Versions/A/ServiceManagement
0x0000000002c65000 	/usr/lib/libxslt.1.dylib
0x0000000002c65000 	/System/Library/Frameworks/Carbon.framework/Versions/A/Frameworks/Ink.framework/Versions/A/Ink
0x0000000002c65000 	/usr/lib/libFosl_dynamic.dylib
0x0000000002c65000 	/System/Library/PrivateFrameworks/FaceCore.framework/Versions/A/FaceCore
0x0000000002c65000 	/System/Library/Frameworks/OpenCL.framework/Versions/A/OpenCL
0x0000000002c65000 	/System/Library/PrivateFrameworks/CrashReporterSupport.framework/Versions/A/CrashReporterSupport
0x0000000002c65000 	/System/Library/PrivateFrameworks/IconServices.framework/Versions/A/IconServices
0x0000000002c65000 	/System/Library/PrivateFrameworks/Apple80211.framework/Versions/A/Apple80211
0x0000000002c65000 	/System/Library/Frameworks/CoreWLAN.framework/Versions/A/CoreWLAN
0x0000000002c65000 	/System/Library/Frameworks/IOBluetooth.framework/Versions/A/IOBluetooth
0x0000000002c65000 	/System/Library/PrivateFrameworks/CoreWiFi.framework/Versions/A/CoreWiFi
0x0000000002c65000 	/System/Library/Frameworks/CoreBluetooth.framework/Versions/A/CoreBluetooth
0x0000000002c65000 	/System/Library/PrivateFrameworks/ChunkingLibrary.framework/Versions/A/ChunkingLibrary
0x0000000002c65000 	/System/Library/PrivateFrameworks/DebugSymbols.framework/Versions/A/DebugSymbols
0x0000000002c65000 	/System/Library/PrivateFrameworks/CoreSymbolication.framework/Versions/A/CoreSymbolication
0x0000000002c65000 	/System/Library/PrivateFrameworks/Symbolication.framework/Versions/A/Symbolication
0x0000000002c65000 	/System/Library/PrivateFrameworks/SpeechRecognitionCore.framework/Versions/A/SpeechRecognitionCore
0x0000000106400000 	/Library/Java/JavaVirtualMachines/jdk1.8.0_91.jdk/Contents/Home/jre/lib/server/libjvm.dylib
0x0000000002c65000 	/usr/lib/libstdc++.6.dylib
0x0000000105aea000 	/Library/Java/JavaVirtualMachines/jdk1.8.0_91.jdk/Contents/Home/jre/lib/libverify.dylib
0x0000000105af8000 	/Library/Java/JavaVirtualMachines/jdk1.8.0_91.jdk/Contents/Home/jre/lib/libjava.dylib
0x0000000105b37000 	/Library/Java/JavaVirtualMachines/jdk1.8.0_91.jdk/Contents/Home/jre/lib/libzip.dylib
0x0000000105be3000 	/System/Library/Frameworks/JavaVM.framework/Frameworks/JavaRuntimeSupport.framework/JavaRuntimeSupport
0x000000011cc2b000 	/System/Library/Frameworks/JavaVM.framework/Versions/A/Frameworks/JavaNativeFoundation.framework/Versions/A/JavaNativeFoundation
0x000000011cc40000 	/System/Library/Frameworks/JavaVM.framework/Versions/A/JavaVM
0x0000000002c65000 	/System/Library/Frameworks/Carbon.framework/Versions/A/Carbon
0x000000011cc4d000 	/System/Library/PrivateFrameworks/JavaLaunching.framework/Versions/A/JavaLaunching
0x0000000002c65000 	/System/Library/Frameworks/Carbon.framework/Versions/A/Frameworks/CommonPanels.framework/Versions/A/CommonPanels
0x0000000002c65000 	/System/Library/Frameworks/Carbon.framework/Versions/A/Frameworks/Help.framework/Versions/A/Help
0x0000000002c65000 	/System/Library/Frameworks/Carbon.framework/Versions/A/Frameworks/ImageCapture.framework/Versions/A/ImageCapture
0x0000000002c65000 	/System/Library/Frameworks/Carbon.framework/Versions/A/Frameworks/OpenScripting.framework/Versions/A/OpenScripting
0x0000000002c65000 	/System/Library/Frameworks/Carbon.framework/Versions/A/Frameworks/Print.framework/Versions/A/Print
0x0000000002c65000 	/System/Library/Frameworks/Carbon.framework/Versions/A/Frameworks/SecurityHI.framework/Versions/A/SecurityHI
0x000000011e641000 	/Library/Java/JavaVirtualMachines/jdk1.8.0_91.jdk/Contents/Home/jre/lib/libprism_es2.dylib
0x0000000002c65000 	/System/Library/Frameworks/OpenGL.framework/Versions/A/Resources/GLEngine.bundle/GLEngine
0x0000000002c65000 	/System/Library/Frameworks/OpenGL.framework/Versions/A/Libraries/libGLProgrammability.dylib
0x000000011e6c3000 	/System/Library/Extensions/AppleIntelHD5000GraphicsGLDriver.bundle/Contents/MacOS/AppleIntelHD5000GraphicsGLDriver
0x0000000002c65000 	/System/Library/PrivateFrameworks/GPUSupport.framework/Versions/A/Libraries/libGPUSupportMercury.dylib
0x0000000002c65000 	/System/Library/Frameworks/OpenGL.framework/Versions/A/Resources/GLRendererFloat.bundle/GLRendererFloat
0x0000000002c65000 	/System/Library/Frameworks/OpenCL.framework/Versions/A/Libraries/libcldcpuengine.dylib
0x0000000002c65000 	/System/Library/PrivateFrameworks/DiskImages.framework/Versions/A/DiskImages
0x0000000002c65000 	/System/Library/Frameworks/DiscRecording.framework/Versions/A/DiscRecording
0x0000000002c65000 	/usr/lib/libcsfde.dylib
0x0000000002c65000 	/usr/lib/libcurl.4.dylib
0x0000000002c65000 	/System/Library/PrivateFrameworks/MediaKit.framework/Versions/A/MediaKit
0x0000000002c65000 	/System/Library/PrivateFrameworks/ProtectedCloudStorage.framework/Versions/A/ProtectedCloudStorage
0x0000000002c65000 	/usr/lib/libCoreStorage.dylib
0x0000000002c65000 	/System/Library/PrivateFrameworks/EFILogin.framework/Versions/A/EFILogin
0x0000000002c65000 	/usr/lib/libutil.dylib
0x0000000002c65000 	/System/Library/PrivateFrameworks/FindMyDevice.framework/Versions/A/FindMyDevice
0x0000000002c65000 	/System/Library/Frameworks/LDAP.framework/Versions/A/LDAP
0x0000000002c65000 	/usr/lib/libsasl2.2.dylib
0x0000000002c65000 	/System/Library/PrivateFrameworks/CoreDaemon.framework/Versions/B/CoreDaemon
0x0000000002c65000 	/usr/lib/libcrypto.0.9.8.dylib
0x0000000002c65000 	/System/Library/PrivateFrameworks/AppleSRP.framework/Versions/A/AppleSRP
0x0000000002c65000 	/System/Library/PrivateFrameworks/TrustEvaluationAgent.framework/Versions/A/TrustEvaluationAgent
0x000000011f245000 	/Library/Java/JavaVirtualMachines/jdk1.8.0_91.jdk/Contents/Home/jre/lib/libglass.dylib
0x0000000002c65000 	/System/Library/PrivateFrameworks/CoreServicesInternal.framework/Versions/A/CoreServicesInternal
0x0000000002c65000 	/System/Library/CoreServices/RawCamera.bundle/Contents/MacOS/RawCamera
0x000000011fe6a000 	/System/Library/Frameworks/CoreGraphics.framework/Versions/A/Resources/libRIP.A.dylib
0x0000000002c65000 	/System/Library/Frameworks/Accelerate.framework/Versions/A/Frameworks/vImage.framework/Versions/A/Libraries/libCGInterfaces.dylib
0x0000000002c65000 	/System/Library/PrivateFrameworks/FamilyControls.framework/Versions/A/FamilyControls
0x0000000002c65000 	/System/Library/PrivateFrameworks/CommerceKit.framework/Versions/A/Frameworks/CommerceCore.framework/Versions/A/CommerceCore
0x0000000002c65000 	/System/Library/PrivateFrameworks/SystemAdministration.framework/Versions/A/SystemAdministration
0x0000000002c65000 	/System/Library/PrivateFrameworks/AppContainer.framework/Versions/A/AppContainer
0x0000000002c65000 	/System/Library/PrivateFrameworks/SecCodeWrapper.framework/Versions/A/SecCodeWrapper
0x0000000002c65000 	/System/Library/Frameworks/DirectoryService.framework/Versions/A/DirectoryService
0x0000000002c65000 	/System/Library/PrivateFrameworks/LoginUIKit.framework/Versions/A/Frameworks/LoginUICore.framework/Versions/A/LoginUICore
0x0000000002c65000 	/usr/lib/libodfde.dylib
0x00000001223ed000 	/Library/Java/JavaVirtualMachines/jdk1.8.0_91.jdk/Contents/Home/jre/lib/libjavafx_font.dylib
0x00000001223f7000 	/System/Library/Frameworks/CoreGraphics.framework/Versions/A/Resources/libCGXType.A.dylib
0x000000012244f000 	/Library/Java/JavaVirtualMachines/jdk1.8.0_91.jdk/Contents/Home/jre/lib/libjfxwebkit.dylib
0x0000000124c42000 	cl_kernels
0x0000000002c65000 	/System/Library/Frameworks/OpenCL.framework/Versions/A/Libraries/ImageFormats/unorm8_bgra.dylib
0x0000000002c65000 	/System/Library/Frameworks/OpenCL.framework/Versions/A/Libraries/ImageFormats/unorm8_rgba.dylib
0x0000000128055000 	/System/Library/Extensions/AppleIntelHD5000GraphicsMTLDriver.bundle/Contents/MacOS/AppleIntelHD5000GraphicsMTLDriver
0x0000000125856000 	/Library/Java/JavaVirtualMachines/jdk1.8.0_91.jdk/Contents/Home/jre/lib/libawt.dylib
0x00000001258fe000 	/Library/Java/JavaVirtualMachines/jdk1.8.0_91.jdk/Contents/Home/jre/lib/./libmlib_image.dylib
0x00000001259ca000 	/Library/Java/JavaVirtualMachines/jdk1.8.0_91.jdk/Contents/Home/jre/lib/libawt_lwawt.dylib
0x00000001221b9000 	/Library/Java/JavaVirtualMachines/jdk1.8.0_91.jdk/Contents/Home/jre/lib/./libosxapp.dylib
0x0000000002c65000 	/System/Library/Frameworks/ExceptionHandling.framework/Versions/A/ExceptionHandling

VM Arguments:
jvm_args: -Dfile.encoding=UTF-8 
java_command: /Users/mathiashartveit1/NetBeansProjects/SLIT Prototype 2/dist/run1385567059/SLIT Prototype 2.jar
java_class_path (initial): /Users/mathiashartveit1/NetBeansProjects/SLIT Prototype 2/dist/run1385567059/SLIT Prototype 2.jar
Launcher Type: SUN_STANDARD

Environment Variables:
PATH=/usr/bin:/bin:/usr/sbin:/sbin
LD_LIBRARY_PATH=/Library/Java/JavaVirtualMachines/jdk1.8.0_91.jdk/Contents/Home/jre/lib/amd64:/Library/Java/JavaVirtualMachines/jdk1.8.0_91.jdk/Contents/Home/jre/lib/i386:
SHELL=/bin/bash

Signal Handlers:
SIGSEGV: [libjvm.dylib+0x5a97a1], sa_mask[0]=11111111011111110111111111111111, sa_flags=SA_ONSTACK|SA_RESTART|SA_SIGINFO
SIGBUS: [libjvm.dylib+0x5a97a1], sa_mask[0]=11111111011111110111111111111111, sa_flags=SA_RESTART|SA_SIGINFO
SIGFPE: [libjvm.dylib+0x482594], sa_mask[0]=11111111011111110111111111111111, sa_flags=SA_RESTART|SA_SIGINFO
SIGPIPE: [libjvm.dylib+0x482594], sa_mask[0]=11111111011111110111111111111111, sa_flags=SA_RESTART|SA_SIGINFO
SIGXFSZ: [libjvm.dylib+0x482594], sa_mask[0]=11111111011111110111111111111111, sa_flags=SA_RESTART|SA_SIGINFO
SIGILL: [libjvm.dylib+0x482594], sa_mask[0]=11111111011111110111111111111111, sa_flags=SA_RESTART|SA_SIGINFO
SIGUSR1: SIG_DFL, sa_mask[0]=00000000000000000000000000000000, sa_flags=none
SIGUSR2: [libjvm.dylib+0x4820b2], sa_mask[0]=00100000000000000000000000000000, sa_flags=SA_RESTART|SA_SIGINFO
SIGHUP: [libjvm.dylib+0x480689], sa_mask[0]=11111111011111110111111111111111, sa_flags=SA_RESTART|SA_SIGINFO
SIGINT: SIG_IGN, sa_mask[0]=00000000000000000000000000000000, sa_flags=none
SIGTERM: [libjvm.dylib+0x480689], sa_mask[0]=11111111011111110111111111111111, sa_flags=SA_RESTART|SA_SIGINFO
SIGQUIT: [libjvm.dylib+0x480689], sa_mask[0]=11111111011111110111111111111111, sa_flags=SA_RESTART|SA_SIGINFO


---------------  S Y S T E M  ---------------

OS:Bsduname:Darwin 15.6.0 Darwin Kernel Version 15.6.0: Mon Aug 29 20:21:34 PDT 2016; root:xnu-3248.60.11~1/RELEASE_X86_64 x86_64
rlimit: STACK 8192k, CORE 0k, NPROC 709, NOFILE 10240, AS infinity
load average:1.30 1.40 1.48

CPU:total 4 (2 cores per cpu, 2 threads per core) family 6 model 69 stepping 1, cmov, cx8, fxsr, mmx, sse, sse2, sse3, ssse3, sse4.1, sse4.2, popcnt, avx, avx2, aes, clmul, erms, rtm, lzcnt, ht, tsc, tscinvbit, bmi1, bmi2

Memory: 4k page, physical 8388608k(25584k free)

/proc/meminfo:


vm_info: Java HotSpot(TM) 64-Bit Server VM (25.91-b14) for bsd-amd64 JRE (1.8.0_91-b14), built on Apr  1 2016 01:03:00 by "java_re" with gcc 4.2.1 (Based on Apple Inc. build 5658) (LLVM build 2336.11.00)

time: Tue Sep 20 13:59:13 2016
elapsed time: 2 seconds (0d 0h 0m 2s)

